[ 2014-04-24T00:46:49+08:00 ] ::1 /THUVote/index.php?s=/Home/CelebrityHall/index
ERR: 非法操作:index

[ 2014-04-24T00:47:31+08:00 ] ::1 /THUVote/index.php?s=/Home/Index/main.html
ERR: 非法操作:main

[ 2014-04-24T00:47:32+08:00 ] ::1 /THUVote/index.php?s=/Home/Index/main.html
ERR: 非法操作:main

[ 2014-04-24T00:47:32+08:00 ] ::1 /THUVote/index.php?s=/Home/Index/main.html
ERR: 非法操作:main

[ 2014-04-24T00:47:57+08:00 ] ::1 /THUVote/index.php?s=/Home/Index/main.html
ERR: 非法操作:main

[ 2014-04-24T00:49:04+08:00 ] ::1 /THUVote/index.php?s=/Home/CelebrityHall/teacher/
INFO: [ app_begin ] --START--
INFO: Run Behavior\ReadHtmlCacheBehavior [ RunTime:0.000658s ]
INFO: [ app_begin ] --END-- [ RunTime:0.001105s ]
INFO: [ view_parse ] --START--
INFO: [ template_filter ] --START--
INFO: Run Behavior\ContentReplaceBehavior [ RunTime:0.000059s ]
INFO: [ template_filter ] --END-- [ RunTime:0.000124s ]
INFO: Run Behavior\ParseTemplateBehavior [ RunTime:0.005078s ]
INFO: [ view_parse ] --END-- [ RunTime:0.005143s ]
INFO: [ view_filter ] --START--
INFO: Run Behavior\WriteHtmlCacheBehavior [ RunTime:0.000340s ]
INFO: [ view_filter ] --END-- [ RunTime:0.000389s ]
INFO: [ app_end ] --START--
INFO: Run Behavior\ShowPageTraceBehavior [ RunTime:0.000536s ]
INFO: [ app_end ] --END-- [ RunTime:0.000595s ]

[ 2014-04-24T00:51:07+08:00 ] ::1 /THUVote/index.php?s=/Home/Index/main.html
ERR: 非法操作:main

[ 2014-04-24T00:51:09+08:00 ] ::1 /THUVote/index.php?s=/Home/Index/main.html
ERR: 非法操作:main

[ 2014-04-24T01:01:16+08:00 ] ::1 /THUVote/index.php?s=/Home/Index/main.html
ERR: 非法操作:main

[ 2014-04-24T01:01:19+08:00 ] ::1 /THUVote/index.php?s=/Home/Index/main.html
ERR: 非法操作:main

[ 2014-04-24T01:04:09+08:00 ] ::1 /THUVote/index.php?s=/Home/Index/main.html
ERR: 非法操作:main

[ 2014-04-24T01:04:09+08:00 ] ::1 /THUVote/index.php?s=/Home/Index/main.html
ERR: 非法操作:main

[ 2014-04-24T01:04:13+08:00 ] ::1 /THUVote/index.php?s=/Home/Show/index.html
ERR: 无法加载控制器:Show

[ 2014-04-24T02:13:43+08:00 ] ::1 /THUVote/index.php?s=/Home/Index/main.html
ERR: 非法操作:main

[ 2014-04-24T02:14:41+08:00 ] ::1 /THUVote/index.php?s=/Home/Index/main.html
ERR: 非法操作:main

[ 2014-04-24T02:14:44+08:00 ] ::1 /THUVote/index.php?s=/Home/Index/main.html
ERR: 非法操作:main

[ 2014-04-24T02:14:47+08:00 ] ::1 /THUVote/index.php?s=/Home/Message/index.html
ERR: 非法操作:index

[ 2014-04-24T02:15:01+08:00 ] ::1 /THUVote/index.php?s=/Home/CelebrityHall/asdf
ERR: 非法操作:asdf

